\BOOKMARK [1][-]{section*.2}{Contents}{}
\BOOKMARK [1][-]{section.1}{Package satstress}{}
\BOOKMARK [2][-]{subsection.1.1}{Modules}{section.1}
\BOOKMARK [1][-]{section.2}{Module satstress.GridCalc}{}
\BOOKMARK [2][-]{subsection.2.1}{Functions}{section.2}
\BOOKMARK [2][-]{subsection.2.2}{Class Grid}{section.2}
\BOOKMARK [3][-]{subsubsection.2.2.1}{Methods}{subsection.2.2}
\BOOKMARK [3][-]{subsubsection.2.2.2}{Instance Variables}{subsection.2.2}
\BOOKMARK [1][-]{section.3}{Module satstress.SatStress}{}
\BOOKMARK [2][-]{subsection.3.1}{Functions}{section.3}
\BOOKMARK [2][-]{subsection.3.2}{Class Satellite}{section.3}
\BOOKMARK [3][-]{subsubsection.3.2.1}{Methods}{subsection.3.2}
\BOOKMARK [3][-]{subsubsection.3.2.2}{Properties}{subsection.3.2}
\BOOKMARK [3][-]{subsubsection.3.2.3}{Instance Variables}{subsection.3.2}
\BOOKMARK [2][-]{subsection.3.3}{Class SatLayer}{section.3}
\BOOKMARK [3][-]{subsubsection.3.3.1}{Methods}{subsection.3.3}
\BOOKMARK [3][-]{subsubsection.3.3.2}{Properties}{subsection.3.3}
\BOOKMARK [3][-]{subsubsection.3.3.3}{Instance Variables}{subsection.3.3}
\BOOKMARK [2][-]{subsection.3.4}{Class LoveNum}{section.3}
\BOOKMARK [3][-]{subsubsection.3.4.1}{Methods}{subsection.3.4}
\BOOKMARK [3][-]{subsubsection.3.4.2}{Properties}{subsection.3.4}
\BOOKMARK [3][-]{subsubsection.3.4.3}{Instance Variables}{subsection.3.4}
\BOOKMARK [2][-]{subsection.3.5}{Class StressDef}{section.3}
\BOOKMARK [3][-]{subsubsection.3.5.1}{Methods}{subsection.3.5}
\BOOKMARK [3][-]{subsubsection.3.5.2}{Properties}{subsection.3.5}
\BOOKMARK [3][-]{subsubsection.3.5.3}{Class Variables}{subsection.3.5}
\BOOKMARK [2][-]{subsection.3.6}{Class NSR}{section.3}
\BOOKMARK [3][-]{subsubsection.3.6.1}{Methods}{subsection.3.6}
\BOOKMARK [3][-]{subsubsection.3.6.2}{Properties}{subsection.3.6}
\BOOKMARK [3][-]{subsubsection.3.6.3}{Class Variables}{subsection.3.6}
\BOOKMARK [2][-]{subsection.3.7}{Class Diurnal}{section.3}
\BOOKMARK [3][-]{subsubsection.3.7.1}{Methods}{subsection.3.7}
\BOOKMARK [3][-]{subsubsection.3.7.2}{Properties}{subsection.3.7}
\BOOKMARK [3][-]{subsubsection.3.7.3}{Class Variables}{subsection.3.7}
\BOOKMARK [2][-]{subsection.3.8}{Class StressCalc}{section.3}
\BOOKMARK [3][-]{subsubsection.3.8.1}{Methods}{subsection.3.8}
\BOOKMARK [3][-]{subsubsection.3.8.2}{Properties}{subsection.3.8}
\BOOKMARK [3][-]{subsubsection.3.8.3}{Instance Variables}{subsection.3.8}
\BOOKMARK [2][-]{subsection.3.9}{Class Error}{section.3}
\BOOKMARK [3][-]{subsubsection.3.9.1}{Methods}{subsection.3.9}
\BOOKMARK [3][-]{subsubsection.3.9.2}{Properties}{subsection.3.9}
\BOOKMARK [2][-]{subsection.3.10}{Class NameValueFileError}{section.3}
\BOOKMARK [3][-]{subsubsection.3.10.1}{Methods}{subsection.3.10}
\BOOKMARK [3][-]{subsubsection.3.10.2}{Properties}{subsection.3.10}
\BOOKMARK [2][-]{subsection.3.11}{Class NameValueFileParseError}{section.3}
\BOOKMARK [3][-]{subsubsection.3.11.1}{Methods}{subsection.3.11}
\BOOKMARK [3][-]{subsubsection.3.11.2}{Properties}{subsection.3.11}
\BOOKMARK [2][-]{subsection.3.12}{Class NameValueFileDuplicateNameError}{section.3}
\BOOKMARK [3][-]{subsubsection.3.12.1}{Methods}{subsection.3.12}
\BOOKMARK [3][-]{subsubsection.3.12.2}{Properties}{subsection.3.12}
\BOOKMARK [2][-]{subsection.3.13}{Class SatelliteParamError}{section.3}
\BOOKMARK [3][-]{subsubsection.3.13.1}{Methods}{subsection.3.13}
\BOOKMARK [3][-]{subsubsection.3.13.2}{Properties}{subsection.3.13}
\BOOKMARK [2][-]{subsection.3.14}{Class MissingSatelliteParamError}{section.3}
\BOOKMARK [3][-]{subsubsection.3.14.1}{Methods}{subsection.3.14}
\BOOKMARK [3][-]{subsubsection.3.14.2}{Properties}{subsection.3.14}
\BOOKMARK [2][-]{subsection.3.15}{Class InvalidSatelliteParamError}{section.3}
\BOOKMARK [3][-]{subsubsection.3.15.1}{Methods}{subsection.3.15}
\BOOKMARK [3][-]{subsubsection.3.15.2}{Properties}{subsection.3.15}
\BOOKMARK [2][-]{subsection.3.16}{Class LargeEccentricityError}{section.3}
\BOOKMARK [3][-]{subsubsection.3.16.1}{Methods}{subsection.3.16}
\BOOKMARK [3][-]{subsubsection.3.16.2}{Properties}{subsection.3.16}
\BOOKMARK [2][-]{subsection.3.17}{Class NegativeNSRPeriodError}{section.3}
\BOOKMARK [3][-]{subsubsection.3.17.1}{Methods}{subsection.3.17}
\BOOKMARK [3][-]{subsubsection.3.17.2}{Properties}{subsection.3.17}
\BOOKMARK [2][-]{subsection.3.18}{Class ExcessiveSatelliteMassError}{section.3}
\BOOKMARK [3][-]{subsubsection.3.18.1}{Methods}{subsection.3.18}
\BOOKMARK [3][-]{subsubsection.3.18.2}{Properties}{subsection.3.18}
\BOOKMARK [2][-]{subsection.3.19}{Class LoveLayerNumberError}{section.3}
\BOOKMARK [3][-]{subsubsection.3.19.1}{Methods}{subsection.3.19}
\BOOKMARK [3][-]{subsubsection.3.19.2}{Properties}{subsection.3.19}
\BOOKMARK [2][-]{subsection.3.20}{Class InvalidLoveNumberError}{section.3}
\BOOKMARK [3][-]{subsubsection.3.20.1}{Methods}{subsection.3.20}
\BOOKMARK [3][-]{subsubsection.3.20.2}{Properties}{subsection.3.20}
\BOOKMARK [2][-]{subsection.3.21}{Class LoveExcessiveDeltaError}{section.3}
\BOOKMARK [3][-]{subsubsection.3.21.1}{Methods}{subsection.3.21}
\BOOKMARK [3][-]{subsubsection.3.21.2}{Properties}{subsection.3.21}
\BOOKMARK [2][-]{subsection.3.22}{Class GravitationallyUnstableSatelliteError}{section.3}
\BOOKMARK [3][-]{subsubsection.3.22.1}{Methods}{subsection.3.22}
\BOOKMARK [3][-]{subsubsection.3.22.2}{Properties}{subsection.3.22}
\BOOKMARK [2][-]{subsection.3.23}{Class NonNumberSatelliteParamError}{section.3}
\BOOKMARK [3][-]{subsubsection.3.23.1}{Methods}{subsection.3.23}
\BOOKMARK [3][-]{subsubsection.3.23.2}{Properties}{subsection.3.23}
\BOOKMARK [2][-]{subsection.3.24}{Class LowLayerDensityError}{section.3}
\BOOKMARK [3][-]{subsubsection.3.24.1}{Methods}{subsection.3.24}
\BOOKMARK [3][-]{subsubsection.3.24.2}{Properties}{subsection.3.24}
\BOOKMARK [2][-]{subsection.3.25}{Class LowLayerThicknessError}{section.3}
\BOOKMARK [3][-]{subsubsection.3.25.1}{Methods}{subsection.3.25}
\BOOKMARK [3][-]{subsubsection.3.25.2}{Properties}{subsection.3.25}
\BOOKMARK [2][-]{subsection.3.26}{Class NegativeLayerParamError}{section.3}
\BOOKMARK [3][-]{subsubsection.3.26.1}{Methods}{subsection.3.26}
\BOOKMARK [3][-]{subsubsection.3.26.2}{Properties}{subsection.3.26}
\BOOKMARK [1][-]{section.4}{Module satstress.physcon}{}
\BOOKMARK [2][-]{subsection.4.1}{Functions}{section.4}
\BOOKMARK [2][-]{subsection.4.2}{Variables}{section.4}
\BOOKMARK [1][-]{section*.4}{Index}{}
